<?xml version="1.0" encoding="UTF-8"?>
<!-- Generated by org.testng.reporters.JUnitXMLReporter -->
<testsuite ignored="1" hostname="DESKTOP-5JOAU98" failures="0" tests="3" name="Default test" time="10.462" errors="0" timestamp="2023-10-28T01:00:19 IST">
  <testcase classname="api.test.DataDrivenTests" name="testPostuser" time="4.837"/>
  <testcase classname="api.test.DataDrivenTests" name="testPostuser" time="1.417"/>
  <testcase classname="api.test.DataDrivenTests" name="testPostuser" time="1.567"/>
  <testcase classname="api.test.DataDrivenTests" name="testDeleteUsersByName" time="0.0">
    <ignored/>
  </testcase> <!-- testDeleteUsersByName -->
</testsuite> <!-- Default test -->
