<?xml version="1.0" encoding="UTF-8"?>
<!-- Generated by org.testng.reporters.JUnitXMLReporter -->
<testsuite ignored="0" hostname="DESKTOP-5JOAU98" failures="0" tests="4" name="Test" time="12.863" errors="0" timestamp="2023-10-29T01:01:38 IST">
  <testcase classname="api.test.UserTestsUsingPropertyFile" name="testPostUser" time="5.947"/>
  <testcase classname="api.test.UserTestsUsingPropertyFile" name="testGetUserByName" time="1.49"/>
  <testcase classname="api.test.UserTestsUsingPropertyFile" name="testUpdateByUsername" time="2.787"/>
  <testcase classname="api.test.UserTestsUsingPropertyFile" name="testDeleteUserByName" time="1.349"/>
</testsuite> <!-- Test -->
