<?xml version="1.0" encoding="UTF-8"?>
<!-- Generated by org.testng.reporters.JUnitXMLReporter -->
<testsuite ignored="0" hostname="DESKTOP-5JOAU98" failures="0" tests="4" name="Test" time="12.712" errors="0" timestamp="2023-10-29T01:56:37 IST">
  <testcase classname="api.test.UserTestsUsingPropertyFile" name="testPostUser" time="5.673"/>
  <testcase classname="api.test.UserTestsUsingPropertyFile" name="testGetUserByName" time="1.584"/>
  <testcase classname="api.test.UserTestsUsingPropertyFile" name="testUpdateByUsername" time="2.804"/>
  <testcase classname="api.test.UserTestsUsingPropertyFile" name="testDeleteUserByName" time="1.545"/>
</testsuite> <!-- Test -->
