<?xml version="1.0" encoding="UTF-8"?>
<testsuite xmlns:xsi="http://www.w3.org/2001/XMLSchema-instance" xsi:noNamespaceSchemaLocation="https://maven.apache.org/surefire/maven-surefire-plugin/xsd/surefire-test-report-3.0.xsd" version="3.0" name="TestSuite" time="14.422" tests="4" errors="0" skipped="0" failures="0">
  <properties>
[...]
</properties>
  <testcase name="testPostUser" classname="api.test.UserTestsUsingPropertyFile" time="5.695">
    <system-out><![CDATA[HTTP/1.1 200 OK
Date: Sat, 28 Oct 2023 20:26:30 GMT
Content-Type: application/json
Transfer-Encoding: chunked
Connection: keep-alive
Access-Control-Allow-Origin: *
Access-Control-Allow-Methods: GET, POST, DELETE, PUT
Access-Control-Allow-Headers: Content-Type, api_key, Authorization
Server: Jetty(9.2.9.v20150224)

{
    "code": 200,
    "type": "unknown",
    "message": "1178587240"
}
]]></system-out>
    <system-err><![CDATA[SLF4J: Failed to load class "org.slf4j.impl.StaticLoggerBinder".
SLF4J: Defaulting to no-operation (NOP) logger implementation
SLF4J: See http://www.slf4j.org/codes.html#StaticLoggerBinder for further details.
]]></system-err>
  </testcase>
  <testcase name="testGetUserByName" classname="api.test.UserTestsUsingPropertyFile" time="1.588">
    <system-out><![CDATA[HTTP/1.1 200 OK
Date: Sat, 28 Oct 2023 20:26:31 GMT
Content-Type: application/json
Transfer-Encoding: chunked
Connection: keep-alive
Access-Control-Allow-Origin: *
Access-Control-Allow-Methods: GET, POST, DELETE, PUT
Access-Control-Allow-Headers: Content-Type, api_key, Authorization
Server: Jetty(9.2.9.v20150224)

{
    "id": 1178587240,
    "username": "kelsi.zieme",
    "email": "pamelia.schultz@example.com",
    "password": "vs0lbuw3",
    "phone": "(080) 241-6453",
    "userStatus": 0
}
]]></system-out>
  </testcase>
  <testcase name="testUpdateByUsername" classname="api.test.UserTestsUsingPropertyFile" time="2.793">
    <system-out><![CDATA[{
    "code": 200,
    "type": "unknown",
    "message": "1178587240"
}
]]></system-out>
  </testcase>
  <testcase name="testDeleteUserByName" classname="api.test.UserTestsUsingPropertyFile" time="1.547"/>
</testsuite>