<?xml version="1.0" encoding="UTF-8"?>
<testng-results ignored="0" total="4" passed="4" failed="0" skipped="0">
  <reporter-output>
  </reporter-output>
  <suite started-at="2023-10-29T01:56:23 IST" name="Suite" finished-at="2023-10-29T01:56:36 IST" duration-ms="12712">
    <groups>
    </groups>
    <test started-at="2023-10-29T01:56:23 IST" name="Test" finished-at="2023-10-29T01:56:36 IST" duration-ms="12712">
      <class name="api.test.UserTestsUsingPropertyFile">
        <test-method is-config="true" signature="setupDate()[pri:0, instance:api.test.UserTestsUsingPropertyFile@441772e]" started-at="2023-10-29T01:56:24 IST" name="setupDate" finished-at="2023-10-29T01:56:24 IST" duration-ms="474" status="PASS">
          <reporter-output>
          </reporter-output>
        </test-method> <!-- setupDate -->
        <test-method signature="testPostUser()[pri:1, instance:api.test.UserTestsUsingPropertyFile@441772e]" started-at="2023-10-29T01:56:24 IST" name="testPostUser" finished-at="2023-10-29T01:56:30 IST" duration-ms="5673" status="PASS">
          <reporter-output>
          </reporter-output>
        </test-method> <!-- testPostUser -->
        <test-method signature="testGetUserByName()[pri:2, instance:api.test.UserTestsUsingPropertyFile@441772e]" started-at="2023-10-29T01:56:30 IST" name="testGetUserByName" finished-at="2023-10-29T01:56:32 IST" duration-ms="1584" status="PASS">
          <reporter-output>
          </reporter-output>
        </test-method> <!-- testGetUserByName -->
        <test-method signature="testUpdateByUsername()[pri:3, instance:api.test.UserTestsUsingPropertyFile@441772e]" started-at="2023-10-29T01:56:32 IST" name="testUpdateByUsername" finished-at="2023-10-29T01:56:34 IST" duration-ms="2804" status="PASS">
          <reporter-output>
          </reporter-output>
        </test-method> <!-- testUpdateByUsername -->
        <test-method signature="testDeleteUserByName()[pri:4, instance:api.test.UserTestsUsingPropertyFile@441772e]" started-at="2023-10-29T01:56:34 IST" name="testDeleteUserByName" finished-at="2023-10-29T01:56:36 IST" duration-ms="1545" status="PASS">
          <reporter-output>
          </reporter-output>
        </test-method> <!-- testDeleteUserByName -->
      </class> <!-- api.test.UserTestsUsingPropertyFile -->
    </test> <!-- Test -->
  </suite> <!-- Suite -->
</testng-results>
