<?xml version="1.0" encoding="UTF-8"?>
<testng-results ignored="0" total="4" passed="4" failed="0" skipped="0">
  <reporter-output>
  </reporter-output>
  <suite started-at="2023-10-29T01:01:25 IST" name="Suite" finished-at="2023-10-29T01:01:38 IST" duration-ms="12863">
    <groups>
    </groups>
    <test started-at="2023-10-29T01:01:25 IST" name="Test" finished-at="2023-10-29T01:01:38 IST" duration-ms="12863">
      <class name="api.test.UserTestsUsingPropertyFile">
        <test-method is-config="true" signature="setupDate()[pri:0, instance:api.test.UserTestsUsingPropertyFile@47eaca72]" started-at="2023-10-29T01:01:25 IST" name="setupDate" finished-at="2023-10-29T01:01:26 IST" duration-ms="576" status="PASS">
          <reporter-output>
          </reporter-output>
        </test-method> <!-- setupDate -->
        <test-method signature="testPostUser()[pri:1, instance:api.test.UserTestsUsingPropertyFile@47eaca72]" started-at="2023-10-29T01:01:26 IST" name="testPostUser" finished-at="2023-10-29T01:01:32 IST" duration-ms="5947" status="PASS">
          <reporter-output>
          </reporter-output>
        </test-method> <!-- testPostUser -->
        <test-method signature="testGetUserByName()[pri:2, instance:api.test.UserTestsUsingPropertyFile@47eaca72]" started-at="2023-10-29T01:01:32 IST" name="testGetUserByName" finished-at="2023-10-29T01:01:34 IST" duration-ms="1490" status="PASS">
          <reporter-output>
          </reporter-output>
        </test-method> <!-- testGetUserByName -->
        <test-method signature="testUpdateByUsername()[pri:3, instance:api.test.UserTestsUsingPropertyFile@47eaca72]" started-at="2023-10-29T01:01:34 IST" name="testUpdateByUsername" finished-at="2023-10-29T01:01:36 IST" duration-ms="2787" status="PASS">
          <reporter-output>
          </reporter-output>
        </test-method> <!-- testUpdateByUsername -->
        <test-method signature="testDeleteUserByName()[pri:4, instance:api.test.UserTestsUsingPropertyFile@47eaca72]" started-at="2023-10-29T01:01:36 IST" name="testDeleteUserByName" finished-at="2023-10-29T01:01:38 IST" duration-ms="1349" status="PASS">
          <reporter-output>
          </reporter-output>
        </test-method> <!-- testDeleteUserByName -->
      </class> <!-- api.test.UserTestsUsingPropertyFile -->
    </test> <!-- Test -->
  </suite> <!-- Suite -->
</testng-results>
